Start testing: Feb 05 15:08 Central European Standard Time
----------------------------------------------------------
1/1 Testing: FooTests
1/1 Test: FooTests
Command: "C:/Users/MiroTheMighty/Desktop/GoogleTestsAndCMake/out/UnitTests/Debug/FooTests.exe"
Directory: C:/Users/MiroTheMighty/Desktop/GoogleTestsAndCMake/out/UnitTests
"FooTests" start time: Feb 05 15:08 Central European Standard Time
Output:
----------------------------------------------------------
Running main() from C:\Users\MiroTheMighty\Desktop\GoogleTestsAndCMake\GoogleTests\googletest\src\gtest_main.cc
[==========] Running 2 tests from 1 test suite.
[----------] Global test environment set-up.
[----------] 2 tests from FooTests
[ RUN      ] FooTests.TestDemonstration
[       OK ] FooTests.TestDemonstration (0 ms)
[ RUN      ] FooTests.TestDemonstration2
C:\Users\MiroTheMighty\Desktop\GoogleTestsAndCMake\UnitTests\FooTests.cpp(9): error: Expected equality of these values:
  5
  add(-0.5, 1.5)
    Which is: 1

[  FAILED  ] FooTests.TestDemonstration2 (0 ms)
[----------] 2 tests from FooTests (0 ms total)

[----------] Global test environment tear-down
[==========] 2 tests from 1 test suite ran. (0 ms total)
[  PASSED  ] 1 test.
[  FAILED  ] 1 test, listed below:
[  FAILED  ] FooTests.TestDemonstration2

 1 FAILED TEST
<end of output>
Test time =   0.06 sec
----------------------------------------------------------
Test Failed.
"FooTests" end time: Feb 05 15:08 Central European Standard Time
"FooTests" time elapsed: 00:00:00
----------------------------------------------------------

End testing: Feb 05 15:08 Central European Standard Time
